<?xml version="1.0" encoding="UTF-8"?>
<robot generator="Robot 5.0.1 (Python 3.10.5 on win32)" generated="20220615 20:29:23.596" rpa="false" schemaversion="3">
<suite id="s1" name="Test1" source="C:\Users\navde\PycharmProjects\NewRobotProject\Autotestcases\test1.robot">
<test id="s1-t1" name="LoginTest" line="6">
<kw name="Open Browser" library="SeleniumLibrary">
<arg>https://www.nopcommerce.com/en/login?returnUrl=%2Fen</arg>
<arg>chrome</arg>
<doc>Opens a new browser instance to the optional ``url``.</doc>
<msg timestamp="20220615 20:29:23.985" level="INFO">Opening browser 'chrome' to base url 'https://www.nopcommerce.com/en/login?returnUrl=%2Fen'.</msg>
<status status="PASS" starttime="20220615 20:29:23.985" endtime="20220615 20:29:32.810"/>
</kw>
<kw name="Input Text" library="SeleniumLibrary">
<arg>id:Username</arg>
<arg>Navdeeshwar</arg>
<doc>Types the given ``text`` into the text field identified by ``locator``.</doc>
<msg timestamp="20220615 20:29:32.810" level="INFO">Typing text 'Navdeeshwar' into text field 'id:Username'.</msg>
<status status="PASS" starttime="20220615 20:29:32.810" endtime="20220615 20:29:32.887"/>
</kw>
<kw name="Input Text" library="SeleniumLibrary">
<arg>id:Password</arg>
<arg>pass4nop</arg>
<doc>Types the given ``text`` into the text field identified by ``locator``.</doc>
<msg timestamp="20220615 20:29:32.887" level="INFO">Typing text 'pass4nop' into text field 'id:Password'.</msg>
<status status="PASS" starttime="20220615 20:29:32.887" endtime="20220615 20:29:32.974"/>
</kw>
<kw name="Click Element" library="SeleniumLibrary">
<arg>xpath://*[@id="login-page"]/body/div[7]/section/div/div/div/div/div/div[2]/div[1]/div[2]/form/div[2]/div[4]/input</arg>
<doc>Click the element identified by ``locator``.</doc>
<msg timestamp="20220615 20:29:32.974" level="INFO">Clicking element 'xpath://*[@id="login-page"]/body/div[7]/section/div/div/div/div/div/div[2]/div[1]/div[2]/form/div[2]/div[4]/input'.</msg>
<status status="PASS" starttime="20220615 20:29:32.974" endtime="20220615 20:29:36.277"/>
</kw>
<kw name="Close Browser" library="SeleniumLibrary">
<doc>Closes the current browser.</doc>
<status status="PASS" starttime="20220615 20:29:36.277" endtime="20220615 20:29:38.457"/>
</kw>
<status status="PASS" starttime="20220615 20:29:23.985" endtime="20220615 20:29:38.457"/>
</test>
<status status="PASS" starttime="20220615 20:29:23.596" endtime="20220615 20:29:38.457"/>
</suite>
<statistics>
<total>
<stat pass="1" fail="0" skip="0">All Tests</stat>
</total>
<tag>
</tag>
<suite>
<stat pass="1" fail="0" skip="0" id="s1" name="Test1">Test1</stat>
</suite>
</statistics>
<errors>
</errors>
</robot>
